08-May-2018 18:57:22.575 INFO [main] org.apache.catalina.startup.VersionLoggerListener.log Server version:        Apache Tomcat/9.0.8
08-May-2018 18:57:22.577 INFO [main] org.apache.catalina.startup.VersionLoggerListener.log Server built:          Apr 27 2018 19:32:00 UTC
08-May-2018 18:57:22.577 INFO [main] org.apache.catalina.startup.VersionLoggerListener.log Server number:         9.0.8.0
08-May-2018 18:57:22.577 INFO [main] org.apache.catalina.startup.VersionLoggerListener.log OS Name:               Mac OS X
08-May-2018 18:57:22.577 INFO [main] org.apache.catalina.startup.VersionLoggerListener.log OS Version:            10.12.6
08-May-2018 18:57:22.577 INFO [main] org.apache.catalina.startup.VersionLoggerListener.log Architecture:          x86_64
08-May-2018 18:57:22.577 INFO [main] org.apache.catalina.startup.VersionLoggerListener.log Java Home:             /Library/Java/JavaVirtualMachines/jdk1.8.0_66.jdk/Contents/Home/jre
08-May-2018 18:57:22.577 INFO [main] org.apache.catalina.startup.VersionLoggerListener.log JVM Version:           1.8.0_66-b17
08-May-2018 18:57:22.577 INFO [main] org.apache.catalina.startup.VersionLoggerListener.log JVM Vendor:            Oracle Corporation
08-May-2018 18:57:22.577 INFO [main] org.apache.catalina.startup.VersionLoggerListener.log CATALINA_BASE:         /Users/roy.wallerstein/Documents/WORK/Learning/HandsOn/TaskManager/apache-tomcat-9.0.8
08-May-2018 18:57:22.578 INFO [main] org.apache.catalina.startup.VersionLoggerListener.log CATALINA_HOME:         /Users/roy.wallerstein/Documents/WORK/Learning/HandsOn/TaskManager/apache-tomcat-9.0.8
08-May-2018 18:57:22.578 INFO [main] org.apache.catalina.startup.VersionLoggerListener.log Command line argument: -Djava.util.logging.config.file=/Users/roy.wallerstein/Documents/WORK/Learning/HandsOn/TaskManager/apache-tomcat-9.0.8/conf/logging.properties
08-May-2018 18:57:22.578 INFO [main] org.apache.catalina.startup.VersionLoggerListener.log Command line argument: -Djava.util.logging.manager=org.apache.juli.ClassLoaderLogManager
08-May-2018 18:57:22.578 INFO [main] org.apache.catalina.startup.VersionLoggerListener.log Command line argument: -Djdk.tls.ephemeralDHKeySize=2048
08-May-2018 18:57:22.578 INFO [main] org.apache.catalina.startup.VersionLoggerListener.log Command line argument: -Djava.protocol.handler.pkgs=org.apache.catalina.webresources
08-May-2018 18:57:22.578 INFO [main] org.apache.catalina.startup.VersionLoggerListener.log Command line argument: -Dorg.apache.catalina.security.SecurityListener.UMASK=0027
08-May-2018 18:57:22.579 INFO [main] org.apache.catalina.startup.VersionLoggerListener.log Command line argument: -Dignore.endorsed.dirs=
08-May-2018 18:57:22.579 INFO [main] org.apache.catalina.startup.VersionLoggerListener.log Command line argument: -Dcatalina.base=/Users/roy.wallerstein/Documents/WORK/Learning/HandsOn/TaskManager/apache-tomcat-9.0.8
08-May-2018 18:57:22.579 INFO [main] org.apache.catalina.startup.VersionLoggerListener.log Command line argument: -Dcatalina.home=/Users/roy.wallerstein/Documents/WORK/Learning/HandsOn/TaskManager/apache-tomcat-9.0.8
08-May-2018 18:57:22.579 INFO [main] org.apache.catalina.startup.VersionLoggerListener.log Command line argument: -Djava.io.tmpdir=/Users/roy.wallerstein/Documents/WORK/Learning/HandsOn/TaskManager/apache-tomcat-9.0.8/temp
08-May-2018 18:57:22.579 INFO [main] org.apache.catalina.core.AprLifecycleListener.lifecycleEvent The APR based Apache Tomcat Native library which allows optimal performance in production environments was not found on the java.library.path: [/Users/roy.wallerstein/Library/Java/Extensions:/Library/Java/Extensions:/Network/Library/Java/Extensions:/System/Library/Java/Extensions:/usr/lib/java:.]
08-May-2018 18:57:22.681 INFO [main] org.apache.coyote.AbstractProtocol.init Initializing ProtocolHandler ["http-nio-8085"]
08-May-2018 18:57:22.698 INFO [main] org.apache.tomcat.util.net.NioSelectorPool.getSharedSelector Using a shared selector for servlet write/read
08-May-2018 18:57:22.704 INFO [main] org.apache.coyote.AbstractProtocol.init Initializing ProtocolHandler ["ajp-nio-8009"]
08-May-2018 18:57:22.705 INFO [main] org.apache.tomcat.util.net.NioSelectorPool.getSharedSelector Using a shared selector for servlet write/read
08-May-2018 18:57:22.705 INFO [main] org.apache.catalina.startup.Catalina.load Initialization processed in 448 ms
08-May-2018 18:57:22.726 INFO [main] org.apache.catalina.core.StandardService.startInternal Starting service [Catalina]
08-May-2018 18:57:22.726 INFO [main] org.apache.catalina.core.StandardEngine.startInternal Starting Servlet Engine: Apache Tomcat/9.0.8
08-May-2018 18:57:22.734 INFO [main] org.apache.catalina.startup.HostConfig.deployDirectory Deploying web application directory [/Users/roy.wallerstein/Documents/WORK/Learning/HandsOn/TaskManager/apache-tomcat-9.0.8/webapps/docs]
08-May-2018 18:57:22.993 INFO [main] org.apache.catalina.startup.HostConfig.deployDirectory Deployment of web application directory [/Users/roy.wallerstein/Documents/WORK/Learning/HandsOn/TaskManager/apache-tomcat-9.0.8/webapps/docs] has finished in [258] ms
08-May-2018 18:57:22.993 INFO [main] org.apache.catalina.startup.HostConfig.deployDirectory Deploying web application directory [/Users/roy.wallerstein/Documents/WORK/Learning/HandsOn/TaskManager/apache-tomcat-9.0.8/webapps/examples]
08-May-2018 18:57:23.240 INFO [main] org.apache.catalina.startup.HostConfig.deployDirectory Deployment of web application directory [/Users/roy.wallerstein/Documents/WORK/Learning/HandsOn/TaskManager/apache-tomcat-9.0.8/webapps/examples] has finished in [247] ms
08-May-2018 18:57:23.240 INFO [main] org.apache.catalina.startup.HostConfig.deployDirectory Deploying web application directory [/Users/roy.wallerstein/Documents/WORK/Learning/HandsOn/TaskManager/apache-tomcat-9.0.8/webapps/host-manager]
08-May-2018 18:57:23.261 INFO [main] org.apache.catalina.startup.HostConfig.deployDirectory Deployment of web application directory [/Users/roy.wallerstein/Documents/WORK/Learning/HandsOn/TaskManager/apache-tomcat-9.0.8/webapps/host-manager] has finished in [21] ms
08-May-2018 18:57:23.261 INFO [main] org.apache.catalina.startup.HostConfig.deployDirectory Deploying web application directory [/Users/roy.wallerstein/Documents/WORK/Learning/HandsOn/TaskManager/apache-tomcat-9.0.8/webapps/manager]
08-May-2018 18:57:23.274 INFO [main] org.apache.catalina.startup.HostConfig.deployDirectory Deployment of web application directory [/Users/roy.wallerstein/Documents/WORK/Learning/HandsOn/TaskManager/apache-tomcat-9.0.8/webapps/manager] has finished in [13] ms
08-May-2018 18:57:23.275 INFO [main] org.apache.catalina.startup.HostConfig.deployDirectory Deploying web application directory [/Users/roy.wallerstein/Documents/WORK/Learning/HandsOn/TaskManager/apache-tomcat-9.0.8/webapps/ROOT]
08-May-2018 18:57:23.284 INFO [main] org.apache.catalina.startup.HostConfig.deployDirectory Deployment of web application directory [/Users/roy.wallerstein/Documents/WORK/Learning/HandsOn/TaskManager/apache-tomcat-9.0.8/webapps/ROOT] has finished in [10] ms
08-May-2018 18:57:23.287 INFO [main] org.apache.coyote.AbstractProtocol.start Starting ProtocolHandler ["http-nio-8085"]
08-May-2018 18:57:23.292 INFO [main] org.apache.coyote.AbstractProtocol.start Starting ProtocolHandler ["ajp-nio-8009"]
08-May-2018 18:57:23.294 INFO [main] org.apache.catalina.startup.Catalina.start Server startup in 588 ms
